Using pre-set license
Built from '2020.3/release' branch; Version is '2020.3.15f2 (6cf78cb77498) revision 7141260'; Using compiler version '192528614'; Build Type 'Release'
OS: 'Windows 10 Pro; OS build 19043.1237; Version 2009; 64bit' Language: 'ru' Physical Memory: 16314 MB
BatchMode: 1, IsHumanControllingUs: 0, StartBugReporterOnCrash: 0, Is64bit: 1, IsPro: 0

 COMMAND LINE ARGUMENTS:
C:\Unity\2020.3.15f2\Editor\Unity.exe
-adb2
-batchMode
-noUpm
-name
AssetImportWorker0
-projectPath
C:/UnityProjects/Dead-Tower
-logFile
Logs/AssetImportWorker0.log
-srvPort
65462
Successfully changed project path to: C:/UnityProjects/Dead-Tower
C:/UnityProjects/Dead-Tower
Using Asset Import Pipeline V2.
Refreshing native plugins compatible for Editor in 88.87 ms, found 6 plugins.
Preloading 0 native plugins for Editor in 0.00 ms.
Initialize engine version: 2020.3.15f2 (6cf78cb77498)
[Subsystems] Discovering subsystems at path C:/Unity/2020.3.15f2/Editor/Data/Resources/UnitySubsystems
[Subsystems] Discovering subsystems at path C:/UnityProjects/Dead-Tower/Assets
GfxDevice: creating device client; threaded=0
Direct3D:
    Version:  Direct3D 11.0 [level 11.1]
    Renderer: NVIDIA GeForce GTX 1650 SUPER (ID=0x2187)
    Vendor:   
    VRAM:     3955 MB
    Driver:   30.0.14.7212
Shader 'Universal Render Pipeline/Particles/Lit': fallback shader 'Universal Render Pipeline/Particles/SimpleLit' not found
Initialize mono
Mono path[0] = 'C:/Unity/2020.3.15f2/Editor/Data/Managed'
Mono path[1] = 'C:/Unity/2020.3.15f2/Editor/Data/MonoBleedingEdge/lib/mono/unityjit'
Mono config path = 'C:/Unity/2020.3.15f2/Editor/Data/MonoBleedingEdge/etc'
Using monoOptions --debugger-agent=transport=dt_socket,embedding=1,server=y,suspend=n,address=127.0.0.1:56320
Begin MonoManager ReloadAssembly
Registering precompiled unity dll's ...
Register platform support module: C:/Unity/2020.3.15f2/Editor/Data/PlaybackEngines/WindowsStandaloneSupport/UnityEditor.WindowsStandalone.Extensions.dll
Registered in 0.002520 seconds.
Native extension for WindowsStandalone target not found
Refreshing native plugins compatible for Editor in 85.08 ms, found 6 plugins.
Preloading 0 native plugins for Editor in 0.00 ms.
Mono: successfully reloaded assembly
- Completed reload, in  2.930 seconds
Domain Reload Profiling:
	ReloadAssembly (2931ms)
		BeginReloadAssembly (61ms)
			ExecutionOrderSort (0ms)
			DisableScriptedObjects (0ms)
			BackupInstance (0ms)
			ReleaseScriptingObjects (0ms)
			CreateAndSetChildDomain (1ms)
		EndReloadAssembly (523ms)
			LoadAssemblies (58ms)
			RebuildTransferFunctionScriptingTraits (0ms)
			SetupTypeCache (173ms)
			ReleaseScriptCaches (0ms)
			RebuildScriptCaches (34ms)
			SetupLoadedEditorAssemblies (232ms)
				LogAssemblyErrors (0ms)
				InitializePlatformSupportModulesInManaged (5ms)
				SetLoadedEditorAssemblies (0ms)
				RefreshPlugins (85ms)
				BeforeProcessingInitializeOnLoad (17ms)
				ProcessInitializeOnLoadAttributes (94ms)
				ProcessInitializeOnLoadMethodAttributes (30ms)
				AfterProcessingInitializeOnLoad (0ms)
				EditorAssembliesLoaded (0ms)
			ExecutionOrderSort2 (0ms)
			AwakeInstancesAfterBackupRestoration (0ms)
Platform modules already initialized, skipping
Registering precompiled user dll's ...
Registered in 0.007896 seconds.
Begin MonoManager ReloadAssembly
Native extension for WindowsStandalone target not found
Refreshing native plugins compatible for Editor in 88.28 ms, found 6 plugins.
Preloading 0 native plugins for Editor in 0.00 ms.
Mono: successfully reloaded assembly
- Completed reload, in  1.467 seconds
Domain Reload Profiling:
	ReloadAssembly (1468ms)
		BeginReloadAssembly (168ms)
			ExecutionOrderSort (0ms)
			DisableScriptedObjects (6ms)
			BackupInstance (0ms)
			ReleaseScriptingObjects (0ms)
			CreateAndSetChildDomain (20ms)
		EndReloadAssembly (1220ms)
			LoadAssemblies (119ms)
			RebuildTransferFunctionScriptingTraits (0ms)
			SetupTypeCache (405ms)
			ReleaseScriptCaches (1ms)
			RebuildScriptCaches (68ms)
			SetupLoadedEditorAssemblies (478ms)
				LogAssemblyErrors (0ms)
				InitializePlatformSupportModulesInManaged (4ms)
				SetLoadedEditorAssemblies (0ms)
				RefreshPlugins (88ms)
				BeforeProcessingInitializeOnLoad (121ms)
				ProcessInitializeOnLoadAttributes (240ms)
				ProcessInitializeOnLoadMethodAttributes (15ms)
				AfterProcessingInitializeOnLoad (9ms)
				EditorAssembliesLoaded (0ms)
			ExecutionOrderSort2 (0ms)
			AwakeInstancesAfterBackupRestoration (8ms)
Platform modules already initialized, skipping
========================================================================
Worker process is ready to serve import requests
Shader 'Universal Render Pipeline/Particles/Lit': fallback shader 'Universal Render Pipeline/Particles/SimpleLit' not found
Launched and connected shader compiler UnityShaderCompiler.exe after 0.05 seconds
Refreshing native plugins compatible for Editor in 0.76 ms, found 6 plugins.
Preloading 0 native plugins for Editor in 0.00 ms.
Unloading 3649 Unused Serialized files (Serialized files now loaded: 0)
System memory in use before: 233.3 MB.
System memory in use after: 232.1 MB.

Unloading 50 unused Assets to reduce memory usage. Loaded Objects now: 4080.
Total: 4.706400 ms (FindLiveObjects: 0.333700 ms CreateObjectMapping: 0.094100 ms MarkObjects: 2.912200 ms  DeleteObjects: 1.364200 ms)

AssetImportParameters requested are different than current active one (requested -> active):
  custom:framework-win-MediaFoundation: 216162199b28c13a410421893ffa2e32 -> 
  custom:video-decoder-ogg-theora: a1e56fd34408186e4bbccfd4996cb3dc -> 
  custom:container-muxer-webm: aa71ff27fc2769a1b78a27578f13a17b -> 
  custom:container-demuxer-webm: 4f35f7cbe854078d1ac9338744f61a02 -> 
  custom:container-demuxer-ogg: 62fdf1f143b41e24485cea50d1cbac27 -> 
  custom:video-encoder-webm-vp8: eb34c28f22e8b96e1ab97ce403110664 -> 
  custom:video-decoder-webm-vp8: 9c59270c3fd7afecdb556c50c9e8de78 -> 
  custom:audio-decoder-ogg-vorbis: bf7c407c2cedff20999df2af8eb42d56 -> 
  custom:audio-encoder-webm-vorbis: bf7c407c2cedff20999df2af8eb42d56 -> 
========================================================================
Received Import Request.
  path: Assets/Audio/General.mixer
  artifactKey: Guid(37a3c3ec997d8aa4da899fb6c361267b) Importer(815301076,1909f56bfc062723c751e8b465ee728b)
Start importing Assets/Audio/General.mixer using Guid(37a3c3ec997d8aa4da899fb6c361267b) Importer(815301076,1909f56bfc062723c751e8b465ee728b)  -> (artifact id: 'cd87f1b71da739527aab51416e0efeec') in 0.042068 seconds 
  Import took 0.048002 seconds .

========================================================================
Received Import Request.
  Time since last request: 130.179313 seconds.
  path: Assets/Scripts/Helpers/CoroutineTemplates/CoroutineTemplate.cs
  artifactKey: Guid(b5d26a1b9a8da4ccbb11ed3595273d2a) Importer(815301076,1909f56bfc062723c751e8b465ee728b)
Start importing Assets/Scripts/Helpers/CoroutineTemplates/CoroutineTemplate.cs using Guid(b5d26a1b9a8da4ccbb11ed3595273d2a) Importer(815301076,1909f56bfc062723c751e8b465ee728b)  -> (artifact id: '36862e1d27f9e2fae87ce442013a2532') in 0.011206 seconds 
  Import took 0.016769 seconds .

========================================================================
Received Import Request.
  Time since last request: 0.023271 seconds.
  path: Assets/Scripts/Helpers/CoroutineTemplates/CoroutineTemplate.cs
  artifactKey: Guid(b5d26a1b9a8da4ccbb11ed3595273d2a) Importer(815301076,1909f56bfc062723c751e8b465ee728b)
Start importing Assets/Scripts/Helpers/CoroutineTemplates/CoroutineTemplate.cs using Guid(b5d26a1b9a8da4ccbb11ed3595273d2a) Importer(815301076,1909f56bfc062723c751e8b465ee728b)  -> (artifact id: '36862e1d27f9e2fae87ce442013a2532') in 0.003085 seconds 
  Import took 0.010523 seconds .

========================================================================
Received Import Request.
  Time since last request: 3.231640 seconds.
  path: Assets/Scripts/Game.cs
  artifactKey: Guid(2b79033470958d5479686e8740e552e2) Importer(815301076,1909f56bfc062723c751e8b465ee728b)
Start importing Assets/Scripts/Game.cs using Guid(2b79033470958d5479686e8740e552e2) Importer(815301076,1909f56bfc062723c751e8b465ee728b)  -> (artifact id: '570d1d807fd81540f6ad208e07dd2e37') in 0.007449 seconds 
  Import took 0.013170 seconds .

========================================================================
Received Import Request.
  Time since last request: 0.000962 seconds.
  path: Assets/Scripts/Game.cs
  artifactKey: Guid(2b79033470958d5479686e8740e552e2) Importer(815301076,1909f56bfc062723c751e8b465ee728b)
Start importing Assets/Scripts/Game.cs using Guid(2b79033470958d5479686e8740e552e2) Importer(815301076,1909f56bfc062723c751e8b465ee728b)  -> (artifact id: '570d1d807fd81540f6ad208e07dd2e37') in 0.002387 seconds 
  Import took 0.007605 seconds .

========================================================================
Received Prepare
Shader 'Universal Render Pipeline/Particles/Lit': fallback shader 'Universal Render Pipeline/Particles/SimpleLit' not found
Refreshing native plugins compatible for Editor in 8.56 ms, found 6 plugins.
Preloading 0 native plugins for Editor in 0.00 ms.
Unloading 37 Unused Serialized files (Serialized files now loaded: 0)
System memory in use before: 153.3 MB.
System memory in use after: 152.2 MB.

Unloading 37 unused Assets to reduce memory usage. Loaded Objects now: 4080.
Total: 4.153400 ms (FindLiveObjects: 0.334700 ms CreateObjectMapping: 0.093200 ms MarkObjects: 2.758900 ms  DeleteObjects: 0.965500 ms)

AssetImportParameters requested are different than current active one (requested -> active):
  custom:framework-win-MediaFoundation: 216162199b28c13a410421893ffa2e32 -> 
  custom:video-decoder-ogg-theora: a1e56fd34408186e4bbccfd4996cb3dc -> 
  custom:container-muxer-webm: aa71ff27fc2769a1b78a27578f13a17b -> 
  custom:container-demuxer-webm: 4f35f7cbe854078d1ac9338744f61a02 -> 
  custom:container-demuxer-ogg: 62fdf1f143b41e24485cea50d1cbac27 -> 
  custom:video-encoder-webm-vp8: eb34c28f22e8b96e1ab97ce403110664 -> 
  custom:video-decoder-webm-vp8: 9c59270c3fd7afecdb556c50c9e8de78 -> 
  custom:audio-decoder-ogg-vorbis: bf7c407c2cedff20999df2af8eb42d56 -> 
  custom:audio-encoder-webm-vorbis: bf7c407c2cedff20999df2af8eb42d56 -> 
========================================================================
Received Prepare
Registering precompiled user dll's ...
Registered in 0.007488 seconds.
Begin MonoManager ReloadAssembly
Native extension for WindowsStandalone target not found
Refreshing native plugins compatible for Editor in 0.78 ms, found 6 plugins.
Preloading 0 native plugins for Editor in 0.00 ms.
Mono: successfully reloaded assembly
- Completed reload, in  1.296 seconds
Domain Reload Profiling:
	ReloadAssembly (1297ms)
		BeginReloadAssembly (139ms)
			ExecutionOrderSort (0ms)
			DisableScriptedObjects (8ms)
			BackupInstance (0ms)
			ReleaseScriptingObjects (0ms)
			CreateAndSetChildDomain (38ms)
		EndReloadAssembly (1080ms)
			LoadAssemblies (114ms)
			RebuildTransferFunctionScriptingTraits (0ms)
			SetupTypeCache (394ms)
			ReleaseScriptCaches (1ms)
			RebuildScriptCaches (55ms)
			SetupLoadedEditorAssemblies (364ms)
				LogAssemblyErrors (0ms)
				InitializePlatformSupportModulesInManaged (4ms)
				SetLoadedEditorAssemblies (0ms)
				RefreshPlugins (1ms)
				BeforeProcessingInitializeOnLoad (114ms)
				ProcessInitializeOnLoadAttributes (228ms)
				ProcessInitializeOnLoadMethodAttributes (7ms)
				AfterProcessingInitializeOnLoad (10ms)
				EditorAssembliesLoaded (0ms)
			ExecutionOrderSort2 (0ms)
			AwakeInstancesAfterBackupRestoration (16ms)
Platform modules already initialized, skipping
Switching build target platform(19) subTarget(0) extendedPlatform(0) -> platform(13) subTarget(537395200) extendedPlatform(0)
Shader 'Universal Render Pipeline/Particles/Lit': fallback shader 'Universal Render Pipeline/Particles/SimpleLit' not found
Refreshing native plugins compatible for Editor in 0.79 ms, found 6 plugins.
Preloading 0 native plugins for Editor in 0.00 ms.
Unloading 3497 Unused Serialized files (Serialized files now loaded: 0)
System memory in use before: 221.5 MB.
System memory in use after: 220.4 MB.

Unloading 39 unused Assets to reduce memory usage. Loaded Objects now: 4083.
Total: 4.044000 ms (FindLiveObjects: 0.273100 ms CreateObjectMapping: 0.090600 ms MarkObjects: 2.539400 ms  DeleteObjects: 1.139300 ms)

AssetImportParameters requested are different than current active one (requested -> active):
  custom:framework-win-MediaFoundation: 216162199b28c13a410421893ffa2e32 -> 
  custom:video-decoder-ogg-theora: a1e56fd34408186e4bbccfd4996cb3dc -> 
  custom:container-muxer-webm: aa71ff27fc2769a1b78a27578f13a17b -> 
  custom:container-demuxer-webm: 4f35f7cbe854078d1ac9338744f61a02 -> 
  custom:container-demuxer-ogg: 62fdf1f143b41e24485cea50d1cbac27 -> 
  custom:video-encoder-webm-vp8: eb34c28f22e8b96e1ab97ce403110664 -> 
  custom:video-decoder-webm-vp8: 9c59270c3fd7afecdb556c50c9e8de78 -> 
  custom:graphics/normal-map-encoding: 01000000000000000000000000000000 -> 02000000000000000000000000000000
  custom:audio-decoder-ogg-vorbis: bf7c407c2cedff20999df2af8eb42d56 -> 
  custom:audio-encoder-webm-vorbis: bf7c407c2cedff20999df2af8eb42d56 -> 
========================================================================
Received Prepare
Registering precompiled user dll's ...
Registered in 0.006432 seconds.
Begin MonoManager ReloadAssembly
Native extension for WindowsStandalone target not found
Refreshing native plugins compatible for Editor in 0.77 ms, found 6 plugins.
Preloading 0 native plugins for Editor in 0.00 ms.
Mono: successfully reloaded assembly
- Completed reload, in  1.220 seconds
Domain Reload Profiling:
	ReloadAssembly (1220ms)
		BeginReloadAssembly (136ms)
			ExecutionOrderSort (0ms)
			DisableScriptedObjects (7ms)
			BackupInstance (0ms)
			ReleaseScriptingObjects (0ms)
			CreateAndSetChildDomain (54ms)
		EndReloadAssembly (999ms)
			LoadAssemblies (99ms)
			RebuildTransferFunctionScriptingTraits (0ms)
			SetupTypeCache (363ms)
			ReleaseScriptCaches (2ms)
			RebuildScriptCaches (53ms)
			SetupLoadedEditorAssemblies (329ms)
				LogAssemblyErrors (0ms)
				InitializePlatformSupportModulesInManaged (4ms)
				SetLoadedEditorAssemblies (0ms)
				RefreshPlugins (1ms)
				BeforeProcessingInitializeOnLoad (102ms)
				ProcessInitializeOnLoadAttributes (207ms)
				ProcessInitializeOnLoadMethodAttributes (6ms)
				AfterProcessingInitializeOnLoad (8ms)
				EditorAssembliesLoaded (0ms)
			ExecutionOrderSort2 (0ms)
			AwakeInstancesAfterBackupRestoration (14ms)
Platform modules already initialized, skipping
Switching build target platform(19) subTarget(0) extendedPlatform(0) -> platform(13) subTarget(537395200) extendedPlatform(0)
Shader 'Universal Render Pipeline/Particles/Lit': fallback shader 'Universal Render Pipeline/Particles/SimpleLit' not found
Refreshing native plugins compatible for Editor in 0.79 ms, found 6 plugins.
Preloading 0 native plugins for Editor in 0.00 ms.
Unloading 3497 Unused Serialized files (Serialized files now loaded: 0)
System memory in use before: 221.7 MB.
System memory in use after: 220.4 MB.

Unloading 39 unused Assets to reduce memory usage. Loaded Objects now: 4086.
Total: 4.004800 ms (FindLiveObjects: 0.362000 ms CreateObjectMapping: 0.091700 ms MarkObjects: 2.382500 ms  DeleteObjects: 1.167400 ms)

AssetImportParameters requested are different than current active one (requested -> active):
  custom:framework-win-MediaFoundation: 216162199b28c13a410421893ffa2e32 -> 
  custom:video-decoder-ogg-theora: a1e56fd34408186e4bbccfd4996cb3dc -> 
  custom:container-muxer-webm: aa71ff27fc2769a1b78a27578f13a17b -> 
  custom:container-demuxer-webm: 4f35f7cbe854078d1ac9338744f61a02 -> 
  custom:container-demuxer-ogg: 62fdf1f143b41e24485cea50d1cbac27 -> 
  custom:video-encoder-webm-vp8: eb34c28f22e8b96e1ab97ce403110664 -> 
  custom:video-decoder-webm-vp8: 9c59270c3fd7afecdb556c50c9e8de78 -> 
  custom:graphics/normal-map-encoding: 01000000000000000000000000000000 -> 02000000000000000000000000000000
  custom:audio-decoder-ogg-vorbis: bf7c407c2cedff20999df2af8eb42d56 -> 
  custom:audio-encoder-webm-vorbis: bf7c407c2cedff20999df2af8eb42d56 -> 
========================================================================
Received Import Request.
  Time since last request: 1531.781083 seconds.
  path: Assets/Sprites/UI/Shop
  artifactKey: Guid(3da4e3c645476ec45ae740033bff4167) Importer(815301076,1909f56bfc062723c751e8b465ee728b)
Start importing Assets/Sprites/UI/Shop using Guid(3da4e3c645476ec45ae740033bff4167) Importer(815301076,1909f56bfc062723c751e8b465ee728b)  -> (artifact id: 'd7796f8a36e32157907e8522846ed163') in 0.011218 seconds 
  Import took 0.016661 seconds .

========================================================================
Received Import Request.
  Time since last request: 69.481769 seconds.
  path: Assets/Sprites/UI/Shop/брюлики магаз макс.png
  artifactKey: Guid(cc175b1e6c9a9dd49b9fa551b7512d40) Importer(815301076,1909f56bfc062723c751e8b465ee728b)
Start importing Assets/Sprites/UI/Shop/брюлики магаз макс.png using Guid(cc175b1e6c9a9dd49b9fa551b7512d40) Importer(815301076,1909f56bfc062723c751e8b465ee728b)  -> (artifact id: '11abcb772410976a922c7da65ad8435f') in 0.128854 seconds 
  Import took 0.134160 seconds .

========================================================================
Received Import Request.
  Time since last request: 0.000209 seconds.
  path: Assets/Sprites/UI/Shop/брюлики магаз сред.png
  artifactKey: Guid(64e2cf0491b37bf4697b1d71a1b9f98f) Importer(815301076,1909f56bfc062723c751e8b465ee728b)
Start importing Assets/Sprites/UI/Shop/брюлики магаз сред.png using Guid(64e2cf0491b37bf4697b1d71a1b9f98f) Importer(815301076,1909f56bfc062723c751e8b465ee728b)  -> (artifact id: '1d3c152c06daa38375b5492a14aac90a') in 0.029818 seconds 
  Import took 0.034846 seconds .

========================================================================
Received Import Request.
  Time since last request: 0.000246 seconds.
  path: Assets/Sprites/UI/Shop/голда магаз мин.png
  artifactKey: Guid(ea33781d55b314d489be7a80599afe16) Importer(815301076,1909f56bfc062723c751e8b465ee728b)
Start importing Assets/Sprites/UI/Shop/голда магаз мин.png using Guid(ea33781d55b314d489be7a80599afe16) Importer(815301076,1909f56bfc062723c751e8b465ee728b)  -> (artifact id: '1adc77b972b8eb3c6888a65773587d97') in 0.028006 seconds 
  Import took 0.034144 seconds .

========================================================================
Received Import Request.
  Time since last request: 0.000243 seconds.
  path: Assets/Sprites/UI/Shop/голда магаз сред.png
  artifactKey: Guid(cbb45b736682797449e7a4b9bd5bfc9d) Importer(815301076,1909f56bfc062723c751e8b465ee728b)
Start importing Assets/Sprites/UI/Shop/голда магаз сред.png using Guid(cbb45b736682797449e7a4b9bd5bfc9d) Importer(815301076,1909f56bfc062723c751e8b465ee728b)  -> (artifact id: 'c898117b88b5cfcf788ef56eba78c0c3') in 0.025258 seconds 
  Import took 0.030812 seconds .

========================================================================
Received Import Request.
  Time since last request: 0.000185 seconds.
  path: Assets/Sprites/UI/Shop/года магаз больш.png
  artifactKey: Guid(ce4b49c061c48ea45829c5d8fcab54b6) Importer(815301076,1909f56bfc062723c751e8b465ee728b)
Start importing Assets/Sprites/UI/Shop/года магаз больш.png using Guid(ce4b49c061c48ea45829c5d8fcab54b6) Importer(815301076,1909f56bfc062723c751e8b465ee728b)  -> (artifact id: '2c4b29a946f635ddc0accfcdccf77fdb') in 0.025022 seconds 
  Import took 0.030372 seconds .

========================================================================
Received Import Request.
  Time since last request: 0.000191 seconds.
  path: Assets/Sprites/UI/Shop/брюлики магаз мин.png
  artifactKey: Guid(2e10884afb3cfce4fb3c5af42b541892) Importer(815301076,1909f56bfc062723c751e8b465ee728b)
Start importing Assets/Sprites/UI/Shop/брюлики магаз мин.png using Guid(2e10884afb3cfce4fb3c5af42b541892) Importer(815301076,1909f56bfc062723c751e8b465ee728b)  -> (artifact id: '6cecbacfe2506baa0b6e310739b381dc') in 0.028218 seconds 
  Import took 0.033430 seconds .

========================================================================
Received Import Request.
  Time since last request: 0.000207 seconds.
  path: Assets/Sprites/UI/Shop/градиент для товаров в магазе.png
  artifactKey: Guid(15139414c63a4a5428115942eb476bd4) Importer(815301076,1909f56bfc062723c751e8b465ee728b)
Start importing Assets/Sprites/UI/Shop/градиент для товаров в магазе.png using Guid(15139414c63a4a5428115942eb476bd4) Importer(815301076,1909f56bfc062723c751e8b465ee728b)  -> (artifact id: 'd18896d7bea0c5a4463950114732f517') in 0.025212 seconds 
  Import took 0.030208 seconds .

========================================================================
Received Import Request.
  Time since last request: 1618.943073 seconds.
  path: Assets/Sprites/UI/Shop/Shop_bg.png
  artifactKey: Guid(3990ab264fcc42e4ab0accea07c6939e) Importer(815301076,1909f56bfc062723c751e8b465ee728b)
Start importing Assets/Sprites/UI/Shop/Shop_bg.png using Guid(3990ab264fcc42e4ab0accea07c6939e) Importer(815301076,1909f56bfc062723c751e8b465ee728b)  -> (artifact id: '05350d0f63346b7e908731532366e477') in 0.052525 seconds 
  Import took 0.058127 seconds .

========================================================================
Received Import Request.
  Time since last request: 0.000226 seconds.
  path: Assets/Sprites/UI/Shop/Shop_tab_button_inactive.png
  artifactKey: Guid(c9bf82b52e3fac245858da0778b4d963) Importer(815301076,1909f56bfc062723c751e8b465ee728b)
Start importing Assets/Sprites/UI/Shop/Shop_tab_button_inactive.png using Guid(c9bf82b52e3fac245858da0778b4d963) Importer(815301076,1909f56bfc062723c751e8b465ee728b)  -> (artifact id: '035475cb2f36931c52fbb738b3c8536c') in 0.015812 seconds 
  Import took 0.020696 seconds .

========================================================================
Received Import Request.
  Time since last request: 0.000224 seconds.
  path: Assets/Sprites/UI/Shop/Shop_tab_button_active.png
  artifactKey: Guid(6d46cc6f8fc14c448b58ad2b7f312041) Importer(815301076,1909f56bfc062723c751e8b465ee728b)
Start importing Assets/Sprites/UI/Shop/Shop_tab_button_active.png using Guid(6d46cc6f8fc14c448b58ad2b7f312041) Importer(815301076,1909f56bfc062723c751e8b465ee728b)  -> (artifact id: '565d2da31d6fb2dfacd2469eca2d6780') in 0.029553 seconds 
  Import took 0.034430 seconds .

========================================================================
Received Import Request.
  Time since last request: 627.049062 seconds.
  path: Assets/Sprites/UI/Shop/Shop_bg.png
  artifactKey: Guid(3990ab264fcc42e4ab0accea07c6939e) Importer(815301076,1909f56bfc062723c751e8b465ee728b)
Start importing Assets/Sprites/UI/Shop/Shop_bg.png using Guid(3990ab264fcc42e4ab0accea07c6939e) Importer(815301076,1909f56bfc062723c751e8b465ee728b)  -> (artifact id: 'bba4e91d727d89ec95d94149a4e1cbc8') in 0.033083 seconds 
  Import took 0.038852 seconds .

========================================================================
Received Import Request.
  Time since last request: 5.966929 seconds.
  path: Assets/Sprites/UI/Shop/Shop_scroll_bg.png
  artifactKey: Guid(c4b6b1a443e3984419ee251a177c5503) Importer(815301076,1909f56bfc062723c751e8b465ee728b)
Start importing Assets/Sprites/UI/Shop/Shop_scroll_bg.png using Guid(c4b6b1a443e3984419ee251a177c5503) Importer(815301076,1909f56bfc062723c751e8b465ee728b)  -> (artifact id: '139f2abc8fd24048639fd8ba48e63883') in 0.020349 seconds 
  Import took 0.025675 seconds .

========================================================================
Received Import Request.
  Time since last request: 3.325559 seconds.
  path: Assets/Sprites/UI/Shop/ползунок для магазина.png
  artifactKey: Guid(73e3b42b5badd2f419125257f288f312) Importer(815301076,1909f56bfc062723c751e8b465ee728b)
Start importing Assets/Sprites/UI/Shop/ползунок для магазина.png using Guid(73e3b42b5badd2f419125257f288f312) Importer(815301076,1909f56bfc062723c751e8b465ee728b)  -> (artifact id: '08e027ebf2d9d2cd278d092adf313b45') in 0.018342 seconds 
  Import took 0.024193 seconds .

========================================================================
Received Import Request.
  Time since last request: 7.575407 seconds.
  path: Assets/Sprites/UI/Shop/Shop_scroll_handle.png
  artifactKey: Guid(73e3b42b5badd2f419125257f288f312) Importer(815301076,1909f56bfc062723c751e8b465ee728b)
Start importing Assets/Sprites/UI/Shop/Shop_scroll_handle.png using Guid(73e3b42b5badd2f419125257f288f312) Importer(815301076,1909f56bfc062723c751e8b465ee728b)  -> (artifact id: 'd2c0d934153e8d278896abd10a57f6c5') in 0.021325 seconds 
  Import took 0.027053 seconds .

========================================================================
Received Import Request.
  Time since last request: 940.926459 seconds.
  path: Assets/Sprites/UI/Shop/Shop_mask.png
  artifactKey: Guid(6d77ee75ac2abf847a4b5db29c35eaf0) Importer(815301076,1909f56bfc062723c751e8b465ee728b)
Start importing Assets/Sprites/UI/Shop/Shop_mask.png using Guid(6d77ee75ac2abf847a4b5db29c35eaf0) Importer(815301076,1909f56bfc062723c751e8b465ee728b)  -> (artifact id: '7e8264ebb0453355730d579ebbb1bc7e') in 0.026094 seconds 
  Import took 0.032807 seconds .

========================================================================
Received Prepare
Registering precompiled user dll's ...
Registered in 0.107267 seconds.
Begin MonoManager ReloadAssembly
Native extension for WindowsStandalone target not found
Refreshing native plugins compatible for Editor in 0.77 ms, found 6 plugins.
Preloading 0 native plugins for Editor in 0.00 ms.
Mono: successfully reloaded assembly
- Completed reload, in  1.426 seconds
Domain Reload Profiling:
	ReloadAssembly (1427ms)
		BeginReloadAssembly (157ms)
			ExecutionOrderSort (0ms)
			DisableScriptedObjects (9ms)
			BackupInstance (0ms)
			ReleaseScriptingObjects (0ms)
			CreateAndSetChildDomain (61ms)
		EndReloadAssembly (1194ms)
			LoadAssemblies (111ms)
			RebuildTransferFunctionScriptingTraits (0ms)
			SetupTypeCache (375ms)
			ReleaseScriptCaches (1ms)
			RebuildScriptCaches (53ms)
			SetupLoadedEditorAssemblies (450ms)
				LogAssemblyErrors (0ms)
				InitializePlatformSupportModulesInManaged (4ms)
				SetLoadedEditorAssemblies (1ms)
				RefreshPlugins (1ms)
				BeforeProcessingInitializeOnLoad (108ms)
				ProcessInitializeOnLoadAttributes (321ms)
				ProcessInitializeOnLoadMethodAttributes (7ms)
				AfterProcessingInitializeOnLoad (8ms)
				EditorAssembliesLoaded (0ms)
			ExecutionOrderSort2 (0ms)
			AwakeInstancesAfterBackupRestoration (14ms)
Platform modules already initialized, skipping
Switching build target platform(19) subTarget(0) extendedPlatform(0) -> platform(13) subTarget(537395200) extendedPlatform(0)
Shader 'Universal Render Pipeline/Particles/Lit': fallback shader 'Universal Render Pipeline/Particles/SimpleLit' not found
Refreshing native plugins compatible for Editor in 0.78 ms, found 6 plugins.
Preloading 0 native plugins for Editor in 0.00 ms.
Unloading 3497 Unused Serialized files (Serialized files now loaded: 0)
System memory in use before: 224.6 MB.
System memory in use after: 223.4 MB.

Unloading 39 unused Assets to reduce memory usage. Loaded Objects now: 4107.
Total: 3.905300 ms (FindLiveObjects: 0.346000 ms CreateObjectMapping: 0.094400 ms MarkObjects: 2.492300 ms  DeleteObjects: 0.971600 ms)

AssetImportParameters requested are different than current active one (requested -> active):
  custom:framework-win-MediaFoundation: 216162199b28c13a410421893ffa2e32 -> 
  custom:video-decoder-ogg-theora: a1e56fd34408186e4bbccfd4996cb3dc -> 
  custom:container-muxer-webm: aa71ff27fc2769a1b78a27578f13a17b -> 
  custom:container-demuxer-webm: 4f35f7cbe854078d1ac9338744f61a02 -> 
  custom:container-demuxer-ogg: 62fdf1f143b41e24485cea50d1cbac27 -> 
  custom:video-encoder-webm-vp8: eb34c28f22e8b96e1ab97ce403110664 -> 
  custom:video-decoder-webm-vp8: 9c59270c3fd7afecdb556c50c9e8de78 -> 
  custom:graphics/normal-map-encoding: 01000000000000000000000000000000 -> 02000000000000000000000000000000
  custom:audio-decoder-ogg-vorbis: bf7c407c2cedff20999df2af8eb42d56 -> 
  custom:audio-encoder-webm-vorbis: bf7c407c2cedff20999df2af8eb42d56 -> 
========================================================================
Received Import Request.
  Time since last request: 866.846017 seconds.
  path: Assets/Sprites/UI/Shop/дерево магаз.png
  artifactKey: Guid(f16d4f3e607c77d42bb9dc1413298175) Importer(815301076,1909f56bfc062723c751e8b465ee728b)
Start importing Assets/Sprites/UI/Shop/дерево магаз.png using Guid(f16d4f3e607c77d42bb9dc1413298175) Importer(815301076,1909f56bfc062723c751e8b465ee728b)  -> (artifact id: '4892f10960e2074c81f9f99b5445c650') in 0.077218 seconds 
  Import took 0.083262 seconds .

========================================================================
Received Import Request.
  Time since last request: 0.000227 seconds.
  path: Assets/Sprites/UI/Shop/железо магаз.png
  artifactKey: Guid(31f7636e674de6843aead4d72b794520) Importer(815301076,1909f56bfc062723c751e8b465ee728b)
Start importing Assets/Sprites/UI/Shop/железо магаз.png using Guid(31f7636e674de6843aead4d72b794520) Importer(815301076,1909f56bfc062723c751e8b465ee728b)  -> (artifact id: '17ad87b7abb60d9e5a3da0f439832acf') in 0.031071 seconds 
  Import took 0.036895 seconds .

========================================================================
Received Import Request.
  Time since last request: 0.000255 seconds.
  path: Assets/Sprites/UI/Shop/дерево магаз.png
  artifactKey: Guid(f16d4f3e607c77d42bb9dc1413298175) Importer(815301076,1909f56bfc062723c751e8b465ee728b)
Start importing Assets/Sprites/UI/Shop/дерево магаз.png using Guid(f16d4f3e607c77d42bb9dc1413298175) Importer(815301076,1909f56bfc062723c751e8b465ee728b)  -> (artifact id: '4892f10960e2074c81f9f99b5445c650') in 0.029907 seconds 
  Import took 0.036194 seconds .

========================================================================
Received Import Request.
  Time since last request: 0.000244 seconds.
  path: Assets/Sprites/UI/Shop/камень магаз.png
  artifactKey: Guid(9c5e9be1c51e6c840844b091766ed44a) Importer(815301076,1909f56bfc062723c751e8b465ee728b)
Start importing Assets/Sprites/UI/Shop/камень магаз.png using Guid(9c5e9be1c51e6c840844b091766ed44a) Importer(815301076,1909f56bfc062723c751e8b465ee728b)  -> (artifact id: 'bcdd57bedd8edf9f72d1b27f6646a7f9') in 0.026833 seconds 
  Import took 0.032384 seconds .

========================================================================
Received Import Request.
  Time since last request: 15.077183 seconds.
  path: Assets/Sprites/UI/Shop/Stone_shop_icon.png
  artifactKey: Guid(9c5e9be1c51e6c840844b091766ed44a) Importer(815301076,1909f56bfc062723c751e8b465ee728b)
Start importing Assets/Sprites/UI/Shop/Stone_shop_icon.png using Guid(9c5e9be1c51e6c840844b091766ed44a) Importer(815301076,1909f56bfc062723c751e8b465ee728b)  -> (artifact id: '8ad52ed7d8d8f06d035f22cdb31c2aec') in 0.026817 seconds 
  Import took 0.032564 seconds .

========================================================================
Received Import Request.
  Time since last request: 100.652382 seconds.
  path: Assets/Sprites/UI/Shop/Gradient_shop_icon.png
  artifactKey: Guid(15139414c63a4a5428115942eb476bd4) Importer(815301076,1909f56bfc062723c751e8b465ee728b)
Start importing Assets/Sprites/UI/Shop/Gradient_shop_icon.png using Guid(15139414c63a4a5428115942eb476bd4) Importer(815301076,1909f56bfc062723c751e8b465ee728b)  -> (artifact id: '2e0021ec7318715de91dd137ffdfee83') in 0.027627 seconds 
  Import took 0.033551 seconds .

========================================================================
Received Import Request.
  Time since last request: 1802.367433 seconds.
  path: Assets/Sprites/UI/Diamond_icon.png
  artifactKey: Guid(ad443d47e1df42d43b018f671daf2bb9) Importer(815301076,1909f56bfc062723c751e8b465ee728b)
Start importing Assets/Sprites/UI/Diamond_icon.png using Guid(ad443d47e1df42d43b018f671daf2bb9) Importer(815301076,1909f56bfc062723c751e8b465ee728b)  -> (artifact id: 'f1088a7bfaf2d7ffff4fcd5ff98dfb2c') in 0.034910 seconds 
  Import took 0.041090 seconds .

========================================================================
Received Import Request.
  Time since last request: 1160.341403 seconds.
  path: Assets/Sprites/UI/Shop/градиент для товаров в магазе.png
  artifactKey: Guid(bd73f3986577a8241bf269818317caa6) Importer(815301076,1909f56bfc062723c751e8b465ee728b)
Start importing Assets/Sprites/UI/Shop/градиент для товаров в магазе.png using Guid(bd73f3986577a8241bf269818317caa6) Importer(815301076,1909f56bfc062723c751e8b465ee728b)  -> (artifact id: '3862baf6ce635ace43be8992bb97968c') in 0.037029 seconds 
  Import took 0.043213 seconds .

========================================================================
Received Import Request.
  Time since last request: 77.711318 seconds.
  path: Assets/Sprites/UI/Shop/градиент для товаров в магазе (1).png
  artifactKey: Guid(3175d5fac98b2184e9f64f81ccea7c8e) Importer(815301076,1909f56bfc062723c751e8b465ee728b)
Start importing Assets/Sprites/UI/Shop/градиент для товаров в магазе (1).png using Guid(3175d5fac98b2184e9f64f81ccea7c8e) Importer(815301076,1909f56bfc062723c751e8b465ee728b)  -> (artifact id: 'a3ca37e8cfac1b61b8983bf47a5682f3') in 0.020362 seconds 
  Import took 0.026672 seconds .

========================================================================
Received Import Request.
  Time since last request: 256.538961 seconds.
  path: Assets/Sprites/UI/Shop/Gradient.png
  artifactKey: Guid(3175d5fac98b2184e9f64f81ccea7c8e) Importer(815301076,1909f56bfc062723c751e8b465ee728b)
Start importing Assets/Sprites/UI/Shop/Gradient.png using Guid(3175d5fac98b2184e9f64f81ccea7c8e) Importer(815301076,1909f56bfc062723c751e8b465ee728b)  -> (artifact id: 'dc054f6bb8136b670eb907b18e438d20') in 0.018928 seconds 
  Import took 0.024626 seconds .

========================================================================
Received Import Request.
  Time since last request: 8.682180 seconds.
  path: Assets/Sprites/UI/Shop/Gradient_ua.png
  artifactKey: Guid(3175d5fac98b2184e9f64f81ccea7c8e) Importer(815301076,1909f56bfc062723c751e8b465ee728b)
Start importing Assets/Sprites/UI/Shop/Gradient_ua.png using Guid(3175d5fac98b2184e9f64f81ccea7c8e) Importer(815301076,1909f56bfc062723c751e8b465ee728b)  -> (artifact id: 'e91e778d371e3a851caba3d43ccc2043') in 0.029738 seconds 
  Import took 0.035500 seconds .

========================================================================
Received Import Request.
  Time since last request: 116.087109 seconds.
  path: Assets/Sprites/UI/Shop/Shop_button.png
  artifactKey: Guid(482edacd57ce18749a3cc4b9d90e7f44) Importer(815301076,1909f56bfc062723c751e8b465ee728b)
Start importing Assets/Sprites/UI/Shop/Shop_button.png using Guid(482edacd57ce18749a3cc4b9d90e7f44) Importer(815301076,1909f56bfc062723c751e8b465ee728b)  -> (artifact id: 'c5c1a41ce083e77ff1eb68e8f38308ef') in 0.023790 seconds 
  Import took 0.029480 seconds .

========================================================================
Received Prepare
Registering precompiled user dll's ...
Registered in 0.006896 seconds.
Begin MonoManager ReloadAssembly
Native extension for WindowsStandalone target not found
Refreshing native plugins compatible for Editor in 0.84 ms, found 6 plugins.
Preloading 0 native plugins for Editor in 0.00 ms.
Mono: successfully reloaded assembly
- Completed reload, in  1.307 seconds
Domain Reload Profiling:
	ReloadAssembly (1307ms)
		BeginReloadAssembly (159ms)
			ExecutionOrderSort (0ms)
			DisableScriptedObjects (8ms)
			BackupInstance (0ms)
			ReleaseScriptingObjects (0ms)
			CreateAndSetChildDomain (65ms)
		EndReloadAssembly (1076ms)
			LoadAssemblies (108ms)
			RebuildTransferFunctionScriptingTraits (0ms)
			SetupTypeCache (382ms)
			ReleaseScriptCaches (2ms)
			RebuildScriptCaches (53ms)
			SetupLoadedEditorAssemblies (354ms)
				LogAssemblyErrors (0ms)
				InitializePlatformSupportModulesInManaged (4ms)
				SetLoadedEditorAssemblies (0ms)
				RefreshPlugins (1ms)
				BeforeProcessingInitializeOnLoad (110ms)
				ProcessInitializeOnLoadAttributes (224ms)
				ProcessInitializeOnLoadMethodAttributes (6ms)
				AfterProcessingInitializeOnLoad (8ms)
				EditorAssembliesLoaded (0ms)
			ExecutionOrderSort2 (0ms)
			AwakeInstancesAfterBackupRestoration (15ms)
Platform modules already initialized, skipping
Switching build target platform(19) subTarget(0) extendedPlatform(0) -> platform(13) subTarget(537395200) extendedPlatform(0)
Shader 'Universal Render Pipeline/Particles/Lit': fallback shader 'Universal Render Pipeline/Particles/SimpleLit' not found
Refreshing native plugins compatible for Editor in 0.80 ms, found 6 plugins.
Preloading 0 native plugins for Editor in 0.00 ms.
Unloading 3497 Unused Serialized files (Serialized files now loaded: 0)
System memory in use before: 224.6 MB.
System memory in use after: 223.5 MB.

Unloading 39 unused Assets to reduce memory usage. Loaded Objects now: 4113.
Total: 3.871700 ms (FindLiveObjects: 0.323100 ms CreateObjectMapping: 0.092400 ms MarkObjects: 2.324300 ms  DeleteObjects: 1.130500 ms)

AssetImportParameters requested are different than current active one (requested -> active):
  custom:framework-win-MediaFoundation: 216162199b28c13a410421893ffa2e32 -> 
  custom:video-decoder-ogg-theora: a1e56fd34408186e4bbccfd4996cb3dc -> 
  custom:container-muxer-webm: aa71ff27fc2769a1b78a27578f13a17b -> 
  custom:container-demuxer-webm: 4f35f7cbe854078d1ac9338744f61a02 -> 
  custom:container-demuxer-ogg: 62fdf1f143b41e24485cea50d1cbac27 -> 
  custom:video-encoder-webm-vp8: eb34c28f22e8b96e1ab97ce403110664 -> 
  custom:video-decoder-webm-vp8: 9c59270c3fd7afecdb556c50c9e8de78 -> 
  custom:graphics/normal-map-encoding: 01000000000000000000000000000000 -> 02000000000000000000000000000000
  custom:audio-decoder-ogg-vorbis: bf7c407c2cedff20999df2af8eb42d56 -> 
  custom:audio-encoder-webm-vorbis: bf7c407c2cedff20999df2af8eb42d56 -> 
========================================================================
Received Prepare
Registering precompiled user dll's ...
Registered in 0.006825 seconds.
Begin MonoManager ReloadAssembly
Native extension for WindowsStandalone target not found
Refreshing native plugins compatible for Editor in 0.76 ms, found 6 plugins.
Preloading 0 native plugins for Editor in 0.00 ms.
Mono: successfully reloaded assembly
- Completed reload, in  1.298 seconds
Domain Reload Profiling:
	ReloadAssembly (1299ms)
		BeginReloadAssembly (130ms)
			ExecutionOrderSort (0ms)
			DisableScriptedObjects (7ms)
			BackupInstance (0ms)
			ReleaseScriptingObjects (0ms)
			CreateAndSetChildDomain (38ms)
		EndReloadAssembly (1081ms)
			LoadAssemblies (113ms)
			RebuildTransferFunctionScriptingTraits (0ms)
			SetupTypeCache (367ms)
			ReleaseScriptCaches (2ms)
			RebuildScriptCaches (54ms)
			SetupLoadedEditorAssemblies (355ms)
				LogAssemblyErrors (0ms)
				InitializePlatformSupportModulesInManaged (4ms)
				SetLoadedEditorAssemblies (0ms)
				RefreshPlugins (1ms)
				BeforeProcessingInitializeOnLoad (109ms)
				ProcessInitializeOnLoadAttributes (226ms)
				ProcessInitializeOnLoadMethodAttributes (7ms)
				AfterProcessingInitializeOnLoad (8ms)
				EditorAssembliesLoaded (0ms)
			ExecutionOrderSort2 (0ms)
			AwakeInstancesAfterBackupRestoration (14ms)
Platform modules already initialized, skipping
Switching build target platform(19) subTarget(0) extendedPlatform(0) -> platform(13) subTarget(537395200) extendedPlatform(0)
Shader 'Universal Render Pipeline/Particles/Lit': fallback shader 'Universal Render Pipeline/Particles/SimpleLit' not found
Refreshing native plugins compatible for Editor in 0.79 ms, found 6 plugins.
Preloading 0 native plugins for Editor in 0.00 ms.
Unloading 3497 Unused Serialized files (Serialized files now loaded: 0)
System memory in use before: 224.7 MB.
System memory in use after: 223.5 MB.

Unloading 39 unused Assets to reduce memory usage. Loaded Objects now: 4116.
Total: 4.791700 ms (FindLiveObjects: 0.358600 ms CreateObjectMapping: 0.094300 ms MarkObjects: 2.803600 ms  DeleteObjects: 1.533400 ms)

AssetImportParameters requested are different than current active one (requested -> active):
  custom:framework-win-MediaFoundation: 216162199b28c13a410421893ffa2e32 -> 
  custom:video-decoder-ogg-theora: a1e56fd34408186e4bbccfd4996cb3dc -> 
  custom:container-muxer-webm: aa71ff27fc2769a1b78a27578f13a17b -> 
  custom:container-demuxer-webm: 4f35f7cbe854078d1ac9338744f61a02 -> 
  custom:container-demuxer-ogg: 62fdf1f143b41e24485cea50d1cbac27 -> 
  custom:video-encoder-webm-vp8: eb34c28f22e8b96e1ab97ce403110664 -> 
  custom:video-decoder-webm-vp8: 9c59270c3fd7afecdb556c50c9e8de78 -> 
  custom:graphics/normal-map-encoding: 01000000000000000000000000000000 -> 02000000000000000000000000000000
  custom:audio-decoder-ogg-vorbis: bf7c407c2cedff20999df2af8eb42d56 -> 
  custom:audio-encoder-webm-vorbis: bf7c407c2cedff20999df2af8eb42d56 -> 
AssetImportWorkerClient::OnTransportError - code=2 error=End of file
